warning: param `n` uses raw primitive `i32` — wrap it in a newtype
  --> $DIR/no_if_else.rs:1:17
   |
LL | pub fn classify(n: i32) -> &'static str {
   |                 ^^^^^^
   |
   = note: `#[warn(raw_primitive_param)]` on by default

warning: `if`/`else` chain — prefer `match` for exhaustive case analysis
  --> $DIR/no_if_else.rs:2:5
   |
LL | /     if n < 0 {
LL | |         "negative"
LL | |     } else if n == 0 {
LL | |         "zero"
LL | |     } else {
LL | |         "positive"
LL | |     }
   | |_____^
   |
   = note: `#[warn(no_if_else)]` on by default

warning: `if`/`else` chain — prefer `match` for exhaustive case analysis
  --> $DIR/no_if_else.rs:4:12
   |
LL |       } else if n == 0 {
   |  ____________^
LL | |         "zero"
LL | |     } else {
LL | |         "positive"
LL | |     }
   | |_____^

warning: param `x` uses raw primitive `bool` — wrap it in a newtype
  --> $DIR/no_if_else.rs:19:16
   |
LL | pub fn no_else(x: bool) {
   |                ^^^^^^^

warning: 4 warnings emitted

