error: `for` is forbidden — use iterators and combinators instead
  --> $DIR/no_loop.rs:3:5
   |
LL | /     for x in &xs {
LL | |         let _ = x;
LL | |     }
   | |_____^
   |
   = note: `#[deny(no_loop)]` on by default

error: `while` is forbidden — use iterators and combinators instead
  --> $DIR/no_loop.rs:10:5
   |
LL | /     while i < 3 {
LL | |         i += 1;
LL | |     }
   | |_____^

error: `loop` is forbidden — use iterators and combinators instead
  --> $DIR/no_loop.rs:16:5
   |
LL | /     loop {
LL | |         break;
LL | |     }
   | |_____^

error: aborting due to 3 previous errors

