error: public method `rebuild` calls public method `self.list()` — extract this composition to a dedicated use-case struct that depends on the type
  --> $DIR/no_self_orchestration.rs:20:23
   |
LL |         let db = self.list();
   |                       ^^^^
   |
   = note: `#[deny(no_self_orchestration)]` on by default

error: public method `sync` calls public method `self.put()` — extract this composition to a dedicated use-case struct that depends on the type
  --> $DIR/no_self_orchestration.rs:24:14
   |
LL |         self.put(item);
   |              ^^^

error: method declares `self` but never references it — move to an extension trait on the actual subject (the type used in the body), or make it a free fn
  --> $DIR/no_self_orchestration.rs:15:5
   |
LL | /     pub fn list(&self) -> ItemList {
LL | |         ItemList
LL | |     }
   | |_____^
   |
   = note: `#[deny(subject_first_param)]` on by default

error: method declares `self` but never references it — move to an extension trait on the actual subject (the type used in the body), or make it a free fn
  --> $DIR/no_self_orchestration.rs:18:5
   |
LL |     pub fn put(&self, _item: Item) {}
   |     ^^^^^^^^^^^^^^^^^^^^^^^^^^^^^^^^^

error: method declares `self` but never references it — move to an extension trait on the actual subject (the type used in the body), or make it a free fn
  --> $DIR/no_self_orchestration.rs:29:5
   |
LL | /     fn helper(&self) -> ItemList {
LL | |         ItemList
LL | |     }
   | |_____^

error: method declares `self` but never references it — move to an extension trait on the actual subject (the type used in the body), or make it a free fn
  --> $DIR/no_self_orchestration.rs:41:5
   |
LL |     pub fn method(&self) {}
   |     ^^^^^^^^^^^^^^^^^^^^^^^

error: method declares `self` but never references it — move to an extension trait on the actual subject (the type used in the body), or make it a free fn
  --> $DIR/no_self_orchestration.rs:57:5
   |
LL |     pub fn list(&self) {}
   |     ^^^^^^^^^^^^^^^^^^^^^

error: aborting due to 7 previous errors

