warning: field `age` uses raw primitive `u32` — wrap it in a newtype
  --> $DIR/raw_primitive_field.rs:4:14
   |
LL |     pub age: u32,
   |              ^^^
   |
   = note: `#[warn(raw_primitive_field)]` on by default

warning: field `name` uses raw primitive `String` — wrap it in a newtype
  --> $DIR/raw_primitive_field.rs:5:15
   |
LL |     pub name: String,
   |               ^^^^^^

warning: second primary public type in this file — extract into its own file
  --> $DIR/raw_primitive_field.rs:8:1
   |
LL | / pub struct Good {
LL | |     pub age: Age,
LL | |     pub user_id: UserId,
LL | | }
   | |_^
   |
   = note: `#[warn(one_public_type_per_file)]` on by default

warning: 3 warnings emitted

