error: binding `id` should be named `user_id` (or `<prefix>_user_id` / `user_id_<suffix>`) to match type `UserId`
  --> $DIR/type_derived_naming.rs:17:18
   |
LL | pub fn bad_param(id: UserId, db: Database) {
   |                  ^^
   |
   = note: `#[deny(type_derived_naming)]` on by default
help: rename the binding and all references
   |
LL ~ pub fn bad_param(user_id: UserId, db: Database) {
LL ~     let _ = (user_id, db);
   |

error: binding `db` should be named `database` (or `<prefix>_database` / `database_<suffix>`) to match type `Database`
  --> $DIR/type_derived_naming.rs:17:30
   |
LL | pub fn bad_param(id: UserId, db: Database) {
   |                              ^^
   |
help: rename the binding and all references
   |
LL ~ pub fn bad_param(id: UserId, database: Database) {
LL ~     let _ = (id, database);
   |

error: binding `id` should be named `user_id` (or `<prefix>_user_id` / `user_id_<suffix>`) to match type `UserId`
  --> $DIR/type_derived_naming.rs:23:9
   |
LL |     let id: UserId = UserId(2);
   |         ^^

error: binding `m` should be named `migrator` (or `<prefix>_migrator` / `migrator_<suffix>`) to match its trait bound `Migrator`
  --> $DIR/type_derived_naming.rs:39:38
   |
LL | pub fn single_bound_bad<M: Migrator>(m: M) {
   |                                      ^
   |
help: rename the binding and all references
   |
LL ~ pub fn single_bound_bad<M: Migrator>(migrator: M) {
LL ~     let _ = migrator;
   |

error: generic `M` has multiple trait bounds (`Migrator + Connector + Orchestrator`) — rename the generic to a descriptive identifier reflecting its role, then name `m` after it
  --> $DIR/type_derived_naming.rs:43:76
   |
LL | pub fn multi_bound_placeholder_bad<M: Migrator + Connector + Orchestrator>(m: M) {
   |                                                                            ^

error: binding `thing` should be named `service` (or `<prefix>_service` / `service_<suffix>`) to match generic `Service`
  --> $DIR/type_derived_naming.rs:51:68
   |
LL | pub fn multi_bound_binding_mismatch<Service: Migrator + Connector>(thing: Service) {
   |                                                                    ^^^^^
   |
help: rename the binding and all references
   |
LL ~ pub fn multi_bound_binding_mismatch<Service: Migrator + Connector>(service: Service) {
LL ~     let _ = service;
   |

error: binding `source` should be named `admin_source` (or `<prefix>_admin_source` / `admin_source_<suffix>`) to match type `AdminSource`
  --> $DIR/type_derived_naming.rs:61:23
   |
LL |     pub fn from_admin(source: AdminSource) -> Self {
   |                       ^^^^^^
   |
help: rename the binding and all references
   |
LL ~     pub fn from_admin(admin_source: AdminSource) -> Self {
LL ~         Self { src: admin_source }
   |

error: binding `source` should be named `admin_source` (or `<prefix>_admin_source` / `admin_source_<suffix>`) to match type `AdminSource`
  --> $DIR/type_derived_naming.rs:71:23
   |
LL |     pub fn from_admin(source: AdminSource) -> Self {
   |                       ^^^^^^
   |
help: rename the binding and all references
   |
LL ~     pub fn from_admin(admin_source: AdminSource) -> Self {
LL ~         Self { source: admin_source }
   |

error: free function takes parameters — make it a method on a type so the subject is `self`
  --> $DIR/type_derived_naming.rs:9:1
   |
LL | / pub fn good(user_id: UserId, database: Database) {
LL | |     let _ = (user_id, database);
LL | | }
   | |_^
   |
   = note: `#[deny(subject_first_param)]` on by default

error: free function takes parameters — make it a method on a type so the subject is `self`
  --> $DIR/type_derived_naming.rs:13:1
   |
LL | / pub fn good_with_prefix(sender_account_id: AccountId, receiver_account_id: AccountId) {
LL | |     let _ = (sender_account_id, receiver_account_id);
LL | | }
   | |_^

error: free function takes parameters — make it a method on a type so the subject is `self`
  --> $DIR/type_derived_naming.rs:17:1
   |
LL | / pub fn bad_param(id: UserId, db: Database) {
LL | |     let _ = (id, db);
LL | | }
   | |_^

error: free function takes parameters — make it a method on a type so the subject is `self`
  --> $DIR/type_derived_naming.rs:27:1
   |
LL | / pub fn unbound_generic_passes<T>(value: T) {
LL | |     let _ = value;
LL | | }
   | |_^

error: free function takes parameters — make it a method on a type so the subject is `self`
  --> $DIR/type_derived_naming.rs:31:1
   |
LL | / pub fn auto_trait_only_passes<T: Send + Sync>(value: T) {
LL | |     let _ = value;
LL | | }
   | |_^

error: free function takes parameters — make it a method on a type so the subject is `self`
  --> $DIR/type_derived_naming.rs:35:1
   |
LL | / pub fn single_bound_good<M: Migrator>(migrator: M) {
LL | |     let _ = migrator;
LL | | }
   | |_^

error: free function takes parameters — make it a method on a type so the subject is `self`
  --> $DIR/type_derived_naming.rs:39:1
   |
LL | / pub fn single_bound_bad<M: Migrator>(m: M) {
LL | |     let _ = m;
LL | | }
   | |_^

error: free function takes parameters — make it a method on a type so the subject is `self`
  --> $DIR/type_derived_naming.rs:43:1
   |
LL | / pub fn multi_bound_placeholder_bad<M: Migrator + Connector + Orchestrator>(m: M) {
LL | |     let _ = m;
LL | | }
   | |_^

error: free function takes parameters — make it a method on a type so the subject is `self`
  --> $DIR/type_derived_naming.rs:47:1
   |
LL | / pub fn multi_bound_role_named<Service: Migrator + Connector + Orchestrator>(service: Service) {
LL | |     let _ = service;
LL | | }
   | |_^

error: free function takes parameters — make it a method on a type so the subject is `self`
  --> $DIR/type_derived_naming.rs:51:1
   |
LL | / pub fn multi_bound_binding_mismatch<Service: Migrator + Connector>(thing: Service) {
LL | |     let _ = thing;
LL | | }
   | |_^

error: free function takes parameters — make it a method on a type so the subject is `self`
  --> $DIR/type_derived_naming.rs:61:5
   |
LL | /     pub fn from_admin(source: AdminSource) -> Self {
LL | |         Self { src: source }
LL | |     }
   | |_____^

error: free function takes parameters — make it a method on a type so the subject is `self`
  --> $DIR/type_derived_naming.rs:71:5
   |
LL | /     pub fn from_admin(source: AdminSource) -> Self {
LL | |         Self { source }
LL | |     }
   | |_____^

warning: second primary public type in this file — extract into its own file
  --> $DIR/type_derived_naming.rs:66:1
   |
LL | / pub struct ShorthandHolder {
LL | |     pub source: AdminSource,
LL | | }
   | |_^
   |
   = note: `#[warn(one_public_type_per_file)]` on by default

error: aborting due to 20 previous errors; 1 warning emitted

