warning: param `n` uses raw primitive `i32` — wrap it in a newtype
  --> $DIR/unsorted_match_arms.rs:1:13
   |
LL | fn classify(n: i32) -> &'static str {
   |             ^^^^^^
   |
   = note: `#[warn(raw_primitive_param)]` on by default

error: match arm `1` should come before `2` (alphabetical order required)
  --> $DIR/unsorted_match_arms.rs:4:9
   |
LL |         1 => "one",
   |         ^
   |
   = note: `#[deny(unsorted_match_arms)]` on by default
help: sort the match arms alphabetically
   |
LL ~         1 => "one",
LL ~         2 => "two",
   |

error: aborting due to 1 previous error; 1 warning emitted

