error: struct field `email` should come before `name` (alphabetical order required)
  --> $DIR/unsorted_struct_fields.rs:3:5
   |
LL |     email: String,
   |     ^^^^^^^^^^^^^
   |
   = note: `#[deny(unsorted_struct_fields)]` on by default

warning: field `name` uses raw primitive `String` — wrap it in a newtype
  --> $DIR/unsorted_struct_fields.rs:2:11
   |
LL |     name: String,
   |           ^^^^^^
   |
   = note: `#[warn(raw_primitive_field)]` on by default

warning: field `email` uses raw primitive `String` — wrap it in a newtype
  --> $DIR/unsorted_struct_fields.rs:3:12
   |
LL |     email: String,
   |            ^^^^^^

warning: field `age` uses raw primitive `u32` — wrap it in a newtype
  --> $DIR/unsorted_struct_fields.rs:4:10
   |
LL |     age: u32,
   |          ^^^

warning: field `age` uses raw primitive `u32` — wrap it in a newtype
  --> $DIR/unsorted_struct_fields.rs:8:10
   |
LL |     age: u32,
   |          ^^^

warning: field `email` uses raw primitive `String` — wrap it in a newtype
  --> $DIR/unsorted_struct_fields.rs:9:12
   |
LL |     email: String,
   |            ^^^^^^

warning: field `name` uses raw primitive `String` — wrap it in a newtype
  --> $DIR/unsorted_struct_fields.rs:10:11
   |
LL |     name: String,
   |           ^^^^^^

error: aborting due to 1 previous error; 6 warnings emitted

