error: derive trait `Clone` should come before `Debug` (alphabetical order required)
  --> $DIR/unsorted_derives.rs:1:1
   |
LL | #[derive(Debug, Clone)]
   | ^^^^^^^^^^^^^^^^^^^^^^^ help: sort the derive list alphabetically: `#[derive(Clone, Debug)]`
   |
   = note: `#[deny(unsorted_derives)]` on by default

warning: field `name` uses raw primitive `String` — wrap it in a newtype
  --> $DIR/unsorted_derives.rs:3:15
   |
LL |     pub name: String,
   |               ^^^^^^
   |
   = note: `#[warn(raw_primitive_field)]` on by default
help: introduce a newtype (call sites will need to wrap their values)
   |
LL ~     pub name: Name,
LL ~ }
LL + 
LL + pub struct Name(pub String);
   |

error: aborting due to 1 previous error; 1 warning emitted

