error: static method `new` must come before public method `name` (group order: static, public, private)
  --> $DIR/unsorted_impl_methods.rs:4:5
   |
LL | /     pub fn name(&self) -> &str {
LL | |         ""
LL | |     }
   | |_____^
   |
   = note: `#[deny(unsorted_impl_methods)]` on by default
help: sort the impl methods (static → public → private, alphabetical within each group)
   |
LL ~     pub fn new() -> Self {
LL +         Self
LL +     }
LL ~     pub fn name(&self) -> &str {
LL +         ""
LL +     }
   |

error: method declares `self` but never references it — move to an extension trait on the actual subject (the type used in the body), or make it a free fn
  --> $DIR/unsorted_impl_methods.rs:4:5
   |
LL | /     pub fn name(&self) -> &str {
LL | |         ""
LL | |     }
   | |_____^
   |
   = note: `#[deny(subject_first_param)]` on by default

error: aborting due to 2 previous errors

